<?xml version="1.0" encoding="UTF-8"?>
<!-- Generated by org.testng.reporters.JUnitReportReporter -->
<testsuite hostname="Ranjithreddy-PC" name="com.abc.testscript.TC001ValidateFormTestCase" tests="1" failures="0" timestamp="25 Feb 2020 02:08:49 GMT" time="22.689" errors="0">
  <testcase name="formValidationTest" time="22.689" classname="com.abc.testscript.TC001ValidateFormTestCase"/>
</testsuite> <!-- com.abc.testscript.TC001ValidateFormTestCase -->
